==============================================================================
Suites                                                                        
==============================================================================
Suites.Login :: As a customer, I want to be able to login using valid infor...
==============================================================================
Login with valid information                                          | PASS |
------------------------------------------------------------------------------
Login with invalid info                                               | PASS |
------------------------------------------------------------------------------
Empty login                                                           | PASS |
------------------------------------------------------------------------------
Empty email                                                           | PASS |
------------------------------------------------------------------------------
Empty fields                                                          | PASS |
------------------------------------------------------------------------------
Suites.Login :: As a customer, I want to be able to login using va... | PASS |
5 tests, 5 passed, 0 failed
==============================================================================
Suites                                                                | PASS |
5 tests, 5 passed, 0 failed
==============================================================================
Output:  C:\Projetos\RobotFramework\TrainingWheels\Results\pabot_results\4\output.xml
