==============================================================================
Suites                                                                        
==============================================================================
Suites.Home Test :: Home page navigation                                      
==============================================================================
Test01: Open Login page                                               | PASS |
------------------------------------------------------------------------------
Test02: Open Dropdown page                                            | PASS |
------------------------------------------------------------------------------
Test03: Open Checkboxes page                                          | PASS |
------------------------------------------------------------------------------
Test04: Open Radio Buttons page                                       | PASS |
------------------------------------------------------------------------------
Test05: Open Drag and Drop page                                       | PASS |
------------------------------------------------------------------------------
Test06: Open Select2 - Uma opção page                                 | PASS |
------------------------------------------------------------------------------
Test07: Open Select2 - Multiplas opções page                          | PASS |
------------------------------------------------------------------------------
Test08: Open Controle Dinâmico page                                   | PASS |
------------------------------------------------------------------------------
Test09: Open Upload de arquivos page                                  | PASS |
------------------------------------------------------------------------------
Test10: Open Login com campo randômico page                           | PASS |
------------------------------------------------------------------------------
Suites.Home Test :: Home page navigation                              | PASS |
10 tests, 10 passed, 0 failed
==============================================================================
Suites                                                                | PASS |
10 tests, 10 passed, 0 failed
==============================================================================
Output:  C:\Projetos\RobotFramework\TrainingWheels\Results\pabot_results\2\output.xml
