==============================================================================
Suites                                                                        
==============================================================================
Suites.Home Test2 :: Home Page Naviation                                      
==============================================================================
Test11: Open Login com Cadastro page                                  | PASS |
------------------------------------------------------------------------------
Test12: Open iFrame Bom page                                          | PASS |
------------------------------------------------------------------------------
Test13: Open iFrame Ruim page                                         | PASS |
------------------------------------------------------------------------------
Test14: Open Hovers page                                              | PASS |
------------------------------------------------------------------------------
Test15: Open Alertas em JavaScript page                               | PASS |
------------------------------------------------------------------------------
Test16: Open Modal com Sweet Alert page                               | PASS |
------------------------------------------------------------------------------
Test17: Open Botões do Teclado page                                   | PASS |
------------------------------------------------------------------------------
Test18: Open Nova Janela page                                         | PASS |
------------------------------------------------------------------------------
Test19: Open Status Codes page                                        | PASS |
------------------------------------------------------------------------------
Test20: Open Tabelas page                                             | PASS |
------------------------------------------------------------------------------
Test21: Open Cadastro com Ajax page                                   | PASS |
------------------------------------------------------------------------------
Suites.Home Test2 :: Home Page Naviation                              | PASS |
11 tests, 11 passed, 0 failed
==============================================================================
Suites                                                                | PASS |
11 tests, 11 passed, 0 failed
==============================================================================
Output:  C:\Projetos\RobotFramework\TrainingWheels\Results\pabot_results\3\output.xml
